Using pre-set license
Built from '2022.3/staging' branch; Version is '2022.3.17f1 (4fc78088f837) revision 5228416'; Using compiler version '192829333'; Build Type 'Release'
OS: 'Windows 11  (10.0.22631) 64bit Education' Language: 'en' Physical Memory: 15182 MB
BatchMode: 1, IsHumanControllingUs: 0, StartBugReporterOnCrash: 0, Is64bit: 1, IsPro: 1

COMMAND LINE ARGUMENTS:
C:\Program Files\Unity\Hub\Editor\2022.3.17f1\Editor\Unity.exe
-adb2
-batchMode
-noUpm
-name
AssetImportWorker1
-projectPath
C:/MyUnity/Defender
-logFile
Logs/AssetImportWorker1.log
-srvPort
60074
Successfully changed project path to: C:/MyUnity/Defender
C:/MyUnity/Defender
[UnityMemory] Configuration Parameters - Can be set up in boot.config
    "memorysetup-bucket-allocator-granularity=16"
    "memorysetup-bucket-allocator-bucket-count=8"
    "memorysetup-bucket-allocator-block-size=33554432"
    "memorysetup-bucket-allocator-block-count=8"
    "memorysetup-main-allocator-block-size=16777216"
    "memorysetup-thread-allocator-block-size=16777216"
    "memorysetup-gfx-main-allocator-block-size=16777216"
    "memorysetup-gfx-thread-allocator-block-size=16777216"
    "memorysetup-cache-allocator-block-size=4194304"
    "memorysetup-typetree-allocator-block-size=2097152"
    "memorysetup-profiler-bucket-allocator-granularity=16"
    "memorysetup-profiler-bucket-allocator-bucket-count=8"
    "memorysetup-profiler-bucket-allocator-block-size=33554432"
    "memorysetup-profiler-bucket-allocator-block-count=8"
    "memorysetup-profiler-allocator-block-size=16777216"
    "memorysetup-profiler-editor-allocator-block-size=1048576"
    "memorysetup-temp-allocator-size-main=16777216"
    "memorysetup-job-temp-allocator-block-size=2097152"
    "memorysetup-job-temp-allocator-block-size-background=1048576"
    "memorysetup-job-temp-allocator-reduction-small-platforms=262144"
    "memorysetup-allocator-temp-initial-block-size-main=262144"
    "memorysetup-allocator-temp-initial-block-size-worker=262144"
    "memorysetup-temp-allocator-size-background-worker=32768"
    "memorysetup-temp-allocator-size-job-worker=262144"
    "memorysetup-temp-allocator-size-preload-manager=33554432"
    "memorysetup-temp-allocator-size-nav-mesh-worker=65536"
    "memorysetup-temp-allocator-size-audio-worker=65536"
    "memorysetup-temp-allocator-size-cloud-worker=32768"
    "memorysetup-temp-allocator-size-gi-baking-worker=262144"
    "memorysetup-temp-allocator-size-gfx=262144"
Player connection [13472] Host "[IP] 192.168.56.1 [Port] 0 [Flags] 2 [Guid] 2595097289 [EditorId] 2595097289 [Version] 1048832 [Id] WindowsEditor(7,BC-PF4FN24Y) [Debug] 1 [PackageName] WindowsEditor [ProjectName] Editor" joined multi-casting on [225.0.0.222:54997]...

Player connection [13472] Host "[IP] 192.168.56.1 [Port] 0 [Flags] 2 [Guid] 2595097289 [EditorId] 2595097289 [Version] 1048832 [Id] WindowsEditor(7,BC-PF4FN24Y) [Debug] 1 [PackageName] WindowsEditor [ProjectName] Editor" joined alternative multi-casting on [225.0.0.222:34997]...

[Physics::Module] Initialized MultithreadedJobDispatcher with 7 workers.
Refreshing native plugins compatible for Editor in 3256.98 ms, found 4 plugins.
Preloading 0 native plugins for Editor in 0.00 ms.
Initialize engine version: 2022.3.17f1 (4fc78088f837)
[Subsystems] Discovering subsystems at path C:/Program Files/Unity/Hub/Editor/2022.3.17f1/Editor/Data/Resources/UnitySubsystems
[Subsystems] Discovering subsystems at path C:/MyUnity/Defender/Assets
GfxDevice: creating device client; threaded=0; jobified=0
Direct3D:
    Version:  Direct3D 11.0 [level 11.1]
    Renderer: AMD Radeon (TM) Graphics (ID=0x15e7)
    Vendor:   ATI
    VRAM:     7591 MB
    Driver:   31.0.21024.5005
Initialize mono
Mono path[0] = 'C:/Program Files/Unity/Hub/Editor/2022.3.17f1/Editor/Data/Managed'
Mono path[1] = 'C:/Program Files/Unity/Hub/Editor/2022.3.17f1/Editor/Data/MonoBleedingEdge/lib/mono/unityjit-win32'
Mono config path = 'C:/Program Files/Unity/Hub/Editor/2022.3.17f1/Editor/Data/MonoBleedingEdge/etc'
Using monoOptions --debugger-agent=transport=dt_socket,embedding=1,server=y,suspend=n,address=127.0.0.1:56368
Begin MonoManager ReloadAssembly
Registering precompiled unity dll's ...
Register platform support module: C:/Program Files/Unity/Hub/Editor/2022.3.17f1/Editor/Data/PlaybackEngines/WebGLSupport/UnityEditor.WebGL.Extensions.dll
Register platform support module: C:/Program Files/Unity/Hub/Editor/2022.3.17f1/Editor/Data/PlaybackEngines/AndroidPlayer/UnityEditor.Android.Extensions.dll
Register platform support module: C:/Program Files/Unity/Hub/Editor/2022.3.17f1/Editor/Data/PlaybackEngines/WindowsStandaloneSupport/UnityEditor.WindowsStandalone.Extensions.dll
Registered in 0.623857 seconds.
- Loaded All Assemblies, in 11.567 seconds
Native extension for WindowsStandalone target not found
Native extension for Android target not found
Android SDK Build-tools component is not found. Make sure all tools are installed in the SDK manager.
UnityEngine.StackTraceUtility:ExtractStackTrace ()
UnityEngine.DebugLogHandler:LogFormat (UnityEngine.LogType,UnityEngine.Object,string,object[])
UnityEngine.Logger:Log (UnityEngine.LogType,object)
UnityEngine.Debug:LogError (object)
UnityEditor.Android.AndroidSDKTools:UpdateToolsDirectories ()
UnityEditor.Android.AndroidSDKTools:.ctor (string)
UnityEditor.Android.AndroidSDKTools:CreateAndroidSDKTools (string)
UnityEditor.Android.AndroidSDKTools:GetInstance<UnityEditor.Android.AndroidSDKTools> (UnityEditor.Android.AndroidSDKTools/InstanceCreator)
UnityEditor.Android.AndroidSDKTools:GetInstance ()
UnityEditor.Android.AndroidDeploymentTargetsExtension:GetMainThreadContext (bool)
UnityEditor.Android.TargetExtension:OnUsbDevicesChanged (UnityEditor.Hardware.UsbDevice[])
UnityEditor.Android.TargetExtension:OnLoad ()
UnityEditor.Modules.ModuleManager:InitializePlatformSupportModules ()

Android Extension - Scanning For ADB Devices 472 ms
Native extension for WebGL target not found
Mono: successfully reloaded assembly
- Finished resetting the current domain, in  1.072 seconds
Domain Reload Profiling: 12636ms
	BeginReloadAssembly (8441ms)
		ExecutionOrderSort (0ms)
		DisableScriptedObjects (0ms)
		BackupInstance (0ms)
		ReleaseScriptingObjects (0ms)
		CreateAndSetChildDomain (1ms)
	RebuildCommonClasses (621ms)
	RebuildNativeTypeToScriptingClass (12ms)
	initialDomainReloadingComplete (696ms)
	LoadAllAssembliesAndSetupDomain (1793ms)
		LoadAssemblies (8439ms)
		RebuildTransferFunctionScriptingTraits (0ms)
		AnalyzeDomain (1789ms)
			TypeCache.Refresh (1787ms)
				TypeCache.ScanAssembly (1422ms)
			ScanForSourceGeneratedMonoScriptInfo (0ms)
			ResolveRequiredComponents (1ms)
	FinalizeReload (1073ms)
		ReleaseScriptCaches (0ms)
		RebuildScriptCaches (0ms)
		SetupLoadedEditorAssemblies (997ms)
			LogAssemblyErrors (0ms)
			InitializePlatformSupportModulesInManaged (782ms)
			SetLoadedEditorAssemblies (5ms)
			RefreshPlugins (0ms)
			BeforeProcessingInitializeOnLoad (3ms)
			ProcessInitializeOnLoadAttributes (143ms)
			ProcessInitializeOnLoadMethodAttributes (64ms)
			AfterProcessingInitializeOnLoad (0ms)
			EditorAssembliesLoaded (0ms)
		ExecutionOrderSort2 (0ms)
		AwakeInstancesAfterBackupRestoration (0ms)
========================================================================
Worker process is ready to serve import requests
Begin MonoManager ReloadAssembly
- Loaded All Assemblies, in 11.593 seconds
Refreshing native plugins compatible for Editor in 8.29 ms, found 4 plugins.
Native extension for WindowsStandalone target not found
Native extension for Android target not found
Native extension for WebGL target not found
Package Manager log level set to [2]
[Package Manager] Server::EnsureServerProcessIsRunning -- launch failed, reason: Unity was launched with the -noUpm command-line argument
[Package Manager] UpmClient::Send -- Unable to send message (not connected to UPM process).
[Package Manager] Cannot connect to Unity Package Manager local server
Mono: successfully reloaded assembly
- Finished resetting the current domain, in  1.405 seconds
Domain Reload Profiling: 12994ms
	BeginReloadAssembly (195ms)
		ExecutionOrderSort (0ms)
		DisableScriptedObjects (7ms)
		BackupInstance (0ms)
		ReleaseScriptingObjects (0ms)
		CreateAndSetChildDomain (31ms)
	RebuildCommonClasses (42ms)
	RebuildNativeTypeToScriptingClass (11ms)
	initialDomainReloadingComplete (62ms)
	LoadAllAssembliesAndSetupDomain (11278ms)
		LoadAssemblies (10470ms)
		RebuildTransferFunctionScriptingTraits (0ms)
		AnalyzeDomain (922ms)
			TypeCache.Refresh (866ms)
				TypeCache.ScanAssembly (766ms)
			ScanForSourceGeneratedMonoScriptInfo (42ms)
			ResolveRequiredComponents (11ms)
	FinalizeReload (1406ms)
		ReleaseScriptCaches (0ms)
		RebuildScriptCaches (0ms)
		SetupLoadedEditorAssemblies (1143ms)
			LogAssemblyErrors (0ms)
			InitializePlatformSupportModulesInManaged (48ms)
			SetLoadedEditorAssemblies (6ms)
			RefreshPlugins (0ms)
			BeforeProcessingInitializeOnLoad (111ms)
			ProcessInitializeOnLoadAttributes (869ms)
			ProcessInitializeOnLoadMethodAttributes (102ms)
			AfterProcessingInitializeOnLoad (8ms)
			EditorAssembliesLoaded (0ms)
		ExecutionOrderSort2 (0ms)
		AwakeInstancesAfterBackupRestoration (8ms)
Launched and connected shader compiler UnityShaderCompiler.exe after 0.07 seconds
Refreshing native plugins compatible for Editor in 9.19 ms, found 4 plugins.
Preloading 0 native plugins for Editor in 0.00 ms.
Unloading 6064 Unused Serialized files (Serialized files now loaded: 0)
Unloading 107 unused Assets / (0.9 MB). Loaded Objects now: 6513.
Memory consumption went from 237.4 MB to 236.5 MB.
Total: 7.559500 ms (FindLiveObjects: 0.821800 ms CreateObjectMapping: 0.431100 ms MarkObjects: 5.614200 ms  DeleteObjects: 0.690900 ms)

AssetImportParameters requested are different than current active one (requested -> active):
  custom:container-demuxer-ogg: 62fdf1f143b41e24485cea50d1cbac27 -> 
  custom:video-codec-MediaFoundation-h265: 746d11721c4dcdbdad8f713fa42b33f4 -> 
  custom:video-decoder-ogg-theora: a1e56fd34408186e4bbccfd4996cb3dc -> 
  custom:framework-win-MediaFoundation: 216162199b28c13a410421893ffa2e32 -> 
  custom:CustomObjectIndexerAttribute: 62b5816608c3102f162a1797e29626cf -> 
  custom:container-demuxer-webm: 4f35f7cbe854078d1ac9338744f61a02 -> 
  custom:container-muxer-webm: aa71ff27fc2769a1b78a27578f13a17b -> 
  custom:video-decoder-webm-vp8: 9c59270c3fd7afecdb556c50c9e8de78 -> 
  custom:SearchIndexIgnoredProperties: e643bd26f0fe6173181afceb89e7c659 -> 
  custom:AudioImporter_EditorPlatform: d09bf68614088b80899f8185d706f6e7 -> 
  custom:video-encoder-webm-vp8: eb34c28f22e8b96e1ab97ce403110664 -> 
  custom:audio-decoder-ogg-vorbis: bf7c407c2cedff20999df2af8eb42d56 -> 
  custom:audio-encoder-webm-vorbis: bf7c407c2cedff20999df2af8eb42d56 -> 
========================================================================
Received Import Request.
  Time since last request: 113734.549154 seconds.
  path: Assets/Art/PNG/Small Spaceships/1/1_Green.png
  artifactKey: Guid(1c7676e9f81edcb4d9d896f6d224bd8d) Importer(815301076,1909f56bfc062723c751e8b465ee728b)
Start importing Assets/Art/PNG/Small Spaceships/1/1_Green.png using Guid(1c7676e9f81edcb4d9d896f6d224bd8d) Importer(815301076,1909f56bfc062723c751e8b465ee728b)  -> (artifact id: '29787960479f904af9de7899750e05e9') in 0.120990 seconds
Number of updated asset objects reloaded before import = 0
Number of asset objects unloaded after import = 3
========================================================================
Received Import Request.
  Time since last request: 0.000053 seconds.
  path: Assets/Art/PNG/Small Spaceships/4/4_Green.png
  artifactKey: Guid(63745442b0c897a43aae36d56b8d93b4) Importer(815301076,1909f56bfc062723c751e8b465ee728b)
Start importing Assets/Art/PNG/Small Spaceships/4/4_Green.png using Guid(63745442b0c897a43aae36d56b8d93b4) Importer(815301076,1909f56bfc062723c751e8b465ee728b)  -> (artifact id: 'bfdee408afc435621a284a102109ff20') in 0.024047 seconds
Number of updated asset objects reloaded before import = 0
Number of asset objects unloaded after import = 3
========================================================================
Received Import Request.
  Time since last request: 0.000045 seconds.
  path: Assets/Art/PNG/Small Spaceships/9
  artifactKey: Guid(b083ba3e10774d242926e5a48e713422) Importer(815301076,1909f56bfc062723c751e8b465ee728b)
Start importing Assets/Art/PNG/Small Spaceships/9 using Guid(b083ba3e10774d242926e5a48e713422) Importer(815301076,1909f56bfc062723c751e8b465ee728b)  -> (artifact id: '29cd55c3b238eb5507ca90214198b104') in 0.000713 seconds
Number of updated asset objects reloaded before import = 0
Number of asset objects unloaded after import = 0
========================================================================
Received Import Request.
  Time since last request: 0.000121 seconds.
  path: Assets/Art/PNG/Small Spaceships/10/10_Green.png
  artifactKey: Guid(c22b1d5312da3814399053c910c7d12c) Importer(815301076,1909f56bfc062723c751e8b465ee728b)
Start importing Assets/Art/PNG/Small Spaceships/10/10_Green.png using Guid(c22b1d5312da3814399053c910c7d12c) Importer(815301076,1909f56bfc062723c751e8b465ee728b)  -> (artifact id: '0ce397c09e3203a8f638ca4ef96586a7') in 0.022975 seconds
Number of updated asset objects reloaded before import = 0
Number of asset objects unloaded after import = 3
========================================================================
Received Import Request.
  Time since last request: 0.000019 seconds.
  path: Assets/Art/PNG/Small Spaceships/2/2_Green.png
  artifactKey: Guid(20f005fd92dafa844be1216a9d2662cb) Importer(815301076,1909f56bfc062723c751e8b465ee728b)
Start importing Assets/Art/PNG/Small Spaceships/2/2_Green.png using Guid(20f005fd92dafa844be1216a9d2662cb) Importer(815301076,1909f56bfc062723c751e8b465ee728b)  -> (artifact id: '1cc6af851ffa929606c13d4d7d100bca') in 0.023504 seconds
Number of updated asset objects reloaded before import = 0
Number of asset objects unloaded after import = 3
========================================================================
Received Import Request.
  Time since last request: 0.000019 seconds.
  path: Assets/Art/PNG/Small Spaceships/7/7_Red.png
  artifactKey: Guid(f8aa64a7d4bc2364e92667cb8c13d69e) Importer(815301076,1909f56bfc062723c751e8b465ee728b)
Start importing Assets/Art/PNG/Small Spaceships/7/7_Red.png using Guid(f8aa64a7d4bc2364e92667cb8c13d69e) Importer(815301076,1909f56bfc062723c751e8b465ee728b)  -> (artifact id: 'd873b00a9d43a02445a5079d0289b564') in 0.024105 seconds
Number of updated asset objects reloaded before import = 0
Number of asset objects unloaded after import = 3
========================================================================
Received Import Request.
  Time since last request: 0.000020 seconds.
  path: Assets/Art/PNG/Large Spaceships
  artifactKey: Guid(4f60de235aa59614f885a45e6ec1d45f) Importer(815301076,1909f56bfc062723c751e8b465ee728b)
Start importing Assets/Art/PNG/Large Spaceships using Guid(4f60de235aa59614f885a45e6ec1d45f) Importer(815301076,1909f56bfc062723c751e8b465ee728b)  -> (artifact id: '09f679ba6a3881cda9e5091ce8cf9581') in 0.000607 seconds
Number of updated asset objects reloaded before import = 0
Number of asset objects unloaded after import = 0
========================================================================
Received Import Request.
  Time since last request: 0.000094 seconds.
  path: Assets/Art/PNG/Small Spaceships/5/5_Green.png
  artifactKey: Guid(849d955e141c33845a310ef4ff34ce85) Importer(815301076,1909f56bfc062723c751e8b465ee728b)
Start importing Assets/Art/PNG/Small Spaceships/5/5_Green.png using Guid(849d955e141c33845a310ef4ff34ce85) Importer(815301076,1909f56bfc062723c751e8b465ee728b)  -> (artifact id: '3032b3ac32624d7a394246aa0daf137b') in 0.025152 seconds
Number of updated asset objects reloaded before import = 0
Number of asset objects unloaded after import = 3
========================================================================
Received Import Request.
  Time since last request: 0.000019 seconds.
  path: Assets/Art/PNG/Small Spaceships/10
  artifactKey: Guid(39dfb742e8b10f84894fc879b5ebd16b) Importer(815301076,1909f56bfc062723c751e8b465ee728b)
Start importing Assets/Art/PNG/Small Spaceships/10 using Guid(39dfb742e8b10f84894fc879b5ebd16b) Importer(815301076,1909f56bfc062723c751e8b465ee728b)  -> (artifact id: '93871f99820c1f106cfb7deaf4409865') in 0.000639 seconds
Number of updated asset objects reloaded before import = 0
Number of asset objects unloaded after import = 0
========================================================================
Received Import Request.
  Time since last request: 0.000106 seconds.
  path: Assets/Art/PNG/Large Spaceships/1
  artifactKey: Guid(80785bd6cea88ff4b9f33bec78d8cc06) Importer(815301076,1909f56bfc062723c751e8b465ee728b)
Start importing Assets/Art/PNG/Large Spaceships/1 using Guid(80785bd6cea88ff4b9f33bec78d8cc06) Importer(815301076,1909f56bfc062723c751e8b465ee728b)  -> (artifact id: '0820049bdfc1037305b12de4bb22bd2b') in 0.000554 seconds
Number of updated asset objects reloaded before import = 0
Number of asset objects unloaded after import = 0
========================================================================
Received Import Request.
  Time since last request: 0.000070 seconds.
  path: Assets/Art/PNG/Thruster Animations/1/1.png
  artifactKey: Guid(e87eeb396af3f42409afef79bda20697) Importer(815301076,1909f56bfc062723c751e8b465ee728b)
Start importing Assets/Art/PNG/Thruster Animations/1/1.png using Guid(e87eeb396af3f42409afef79bda20697) Importer(815301076,1909f56bfc062723c751e8b465ee728b)  -> (artifact id: 'e079acd6e65b6367a2deea3d24f5c911') in 0.022767 seconds
Number of updated asset objects reloaded before import = 0
Number of asset objects unloaded after import = 3
========================================================================
Received Import Request.
  Time since last request: 0.000039 seconds.
  path: Assets/Art/PNG/Small Spaceships/9/9_Green.png
  artifactKey: Guid(4bc8b69ef1d190f4b8be792843deb45c) Importer(815301076,1909f56bfc062723c751e8b465ee728b)
Start importing Assets/Art/PNG/Small Spaceships/9/9_Green.png using Guid(4bc8b69ef1d190f4b8be792843deb45c) Importer(815301076,1909f56bfc062723c751e8b465ee728b)  -> (artifact id: '3ddedbd033383fdb026078e90d9b789d') in 0.022953 seconds
Number of updated asset objects reloaded before import = 0
Number of asset objects unloaded after import = 3
========================================================================
Received Import Request.
  Time since last request: 0.000043 seconds.
  path: Assets/Art/PNG/Small Spaceships/8/8_Green.png
  artifactKey: Guid(d176780bf4e69a448859a661187553e6) Importer(815301076,1909f56bfc062723c751e8b465ee728b)
Start importing Assets/Art/PNG/Small Spaceships/8/8_Green.png using Guid(d176780bf4e69a448859a661187553e6) Importer(815301076,1909f56bfc062723c751e8b465ee728b)  -> (artifact id: '9b149e3da0c9577c5d126f75c94b2084') in 0.024201 seconds
Number of updated asset objects reloaded before import = 0
Number of asset objects unloaded after import = 3
========================================================================
Received Prepare
Begin MonoManager ReloadAssembly
- Loaded All Assemblies, in  4.413 seconds
Refreshing native plugins compatible for Editor in 7.73 ms, found 4 plugins.
Native extension for WindowsStandalone target not found
Native extension for Android target not found
Native extension for WebGL target not found
[Package Manager] Server::EnsureServerProcessIsRunning -- launch failed, reason: Unity was launched with the -noUpm command-line argument
[Package Manager] UpmClient::Send -- Unable to send message (not connected to UPM process).
[Package Manager] Cannot connect to Unity Package Manager local server
Mono: successfully reloaded assembly
- Finished resetting the current domain, in 26.755 seconds
Domain Reload Profiling: 31161ms
	BeginReloadAssembly (361ms)
		ExecutionOrderSort (0ms)
		DisableScriptedObjects (13ms)
		BackupInstance (0ms)
		ReleaseScriptingObjects (0ms)
		CreateAndSetChildDomain (81ms)
	RebuildCommonClasses (239ms)
	RebuildNativeTypeToScriptingClass (15ms)
	initialDomainReloadingComplete (53ms)
	LoadAllAssembliesAndSetupDomain (3737ms)
		LoadAssemblies (3946ms)
		RebuildTransferFunctionScriptingTraits (0ms)
		AnalyzeDomain (20ms)
			TypeCache.Refresh (7ms)
				TypeCache.ScanAssembly (0ms)
			ScanForSourceGeneratedMonoScriptInfo (0ms)
			ResolveRequiredComponents (12ms)
	FinalizeReload (26755ms)
		ReleaseScriptCaches (0ms)
		RebuildScriptCaches (0ms)
		SetupLoadedEditorAssemblies (1152ms)
			LogAssemblyErrors (0ms)
			InitializePlatformSupportModulesInManaged (42ms)
			SetLoadedEditorAssemblies (8ms)
			RefreshPlugins (0ms)
			BeforeProcessingInitializeOnLoad (122ms)
			ProcessInitializeOnLoadAttributes (872ms)
			ProcessInitializeOnLoadMethodAttributes (100ms)
			AfterProcessingInitializeOnLoad (7ms)
			EditorAssembliesLoaded (0ms)
		ExecutionOrderSort2 (0ms)
		AwakeInstancesAfterBackupRestoration (17ms)
Refreshing native plugins compatible for Editor in 12.11 ms, found 4 plugins.
Preloading 0 native plugins for Editor in 0.00 ms.
Unloading 5912 Unused Serialized files (Serialized files now loaded: 0)
Unloading 64 unused Assets / (0.9 MB). Loaded Objects now: 6524.
Memory consumption went from 212.5 MB to 211.7 MB.
Total: 8.370600 ms (FindLiveObjects: 0.867300 ms CreateObjectMapping: 0.713900 ms MarkObjects: 6.066400 ms  DeleteObjects: 0.721100 ms)

Prepare: number of updated asset objects reloaded= 0
AssetImportParameters requested are different than current active one (requested -> active):
  custom:container-demuxer-ogg: 62fdf1f143b41e24485cea50d1cbac27 -> 
  custom:video-codec-MediaFoundation-h265: 746d11721c4dcdbdad8f713fa42b33f4 -> 
  custom:video-decoder-ogg-theora: a1e56fd34408186e4bbccfd4996cb3dc -> 
  custom:framework-win-MediaFoundation: 216162199b28c13a410421893ffa2e32 -> 
  custom:CustomObjectIndexerAttribute: 62b5816608c3102f162a1797e29626cf -> 
  custom:container-demuxer-webm: 4f35f7cbe854078d1ac9338744f61a02 -> 
  custom:container-muxer-webm: aa71ff27fc2769a1b78a27578f13a17b -> 
  custom:video-decoder-webm-vp8: 9c59270c3fd7afecdb556c50c9e8de78 -> 
  custom:SearchIndexIgnoredProperties: e643bd26f0fe6173181afceb89e7c659 -> 
  custom:AudioImporter_EditorPlatform: d09bf68614088b80899f8185d706f6e7 -> 
  custom:video-encoder-webm-vp8: eb34c28f22e8b96e1ab97ce403110664 -> 
  custom:audio-decoder-ogg-vorbis: bf7c407c2cedff20999df2af8eb42d56 -> 
  custom:audio-encoder-webm-vorbis: bf7c407c2cedff20999df2af8eb42d56 -> 
