Using pre-set license
Built from '2022.3/staging' branch; Version is '2022.3.17f1 (4fc78088f837) revision 5228416'; Using compiler version '192829333'; Build Type 'Release'
OS: 'Windows 11  (10.0.22631) 64bit Education' Language: 'en' Physical Memory: 15182 MB
BatchMode: 1, IsHumanControllingUs: 0, StartBugReporterOnCrash: 0, Is64bit: 1, IsPro: 1

COMMAND LINE ARGUMENTS:
C:\Program Files\Unity\Hub\Editor\2022.3.17f1\Editor\Unity.exe
-adb2
-batchMode
-noUpm
-name
AssetImportWorker0
-projectPath
C:/MyUnity/Defender
-logFile
Logs/AssetImportWorker0.log
-srvPort
60074
Successfully changed project path to: C:/MyUnity/Defender
C:/MyUnity/Defender
[UnityMemory] Configuration Parameters - Can be set up in boot.config
    "memorysetup-bucket-allocator-granularity=16"
    "memorysetup-bucket-allocator-bucket-count=8"
    "memorysetup-bucket-allocator-block-size=33554432"
    "memorysetup-bucket-allocator-block-count=8"
    "memorysetup-main-allocator-block-size=16777216"
    "memorysetup-thread-allocator-block-size=16777216"
    "memorysetup-gfx-main-allocator-block-size=16777216"
    "memorysetup-gfx-thread-allocator-block-size=16777216"
    "memorysetup-cache-allocator-block-size=4194304"
    "memorysetup-typetree-allocator-block-size=2097152"
    "memorysetup-profiler-bucket-allocator-granularity=16"
    "memorysetup-profiler-bucket-allocator-bucket-count=8"
    "memorysetup-profiler-bucket-allocator-block-size=33554432"
    "memorysetup-profiler-bucket-allocator-block-count=8"
    "memorysetup-profiler-allocator-block-size=16777216"
    "memorysetup-profiler-editor-allocator-block-size=1048576"
    "memorysetup-temp-allocator-size-main=16777216"
    "memorysetup-job-temp-allocator-block-size=2097152"
    "memorysetup-job-temp-allocator-block-size-background=1048576"
    "memorysetup-job-temp-allocator-reduction-small-platforms=262144"
    "memorysetup-allocator-temp-initial-block-size-main=262144"
    "memorysetup-allocator-temp-initial-block-size-worker=262144"
    "memorysetup-temp-allocator-size-background-worker=32768"
    "memorysetup-temp-allocator-size-job-worker=262144"
    "memorysetup-temp-allocator-size-preload-manager=33554432"
    "memorysetup-temp-allocator-size-nav-mesh-worker=65536"
    "memorysetup-temp-allocator-size-audio-worker=65536"
    "memorysetup-temp-allocator-size-cloud-worker=32768"
    "memorysetup-temp-allocator-size-gi-baking-worker=262144"
    "memorysetup-temp-allocator-size-gfx=262144"
Player connection [9192] Host "[IP] 192.168.56.1 [Port] 0 [Flags] 2 [Guid] 1978437287 [EditorId] 1978437287 [Version] 1048832 [Id] WindowsEditor(7,BC-PF4FN24Y) [Debug] 1 [PackageName] WindowsEditor [ProjectName] Editor" joined multi-casting on [225.0.0.222:54997]...

Player connection [9192] Host "[IP] 192.168.56.1 [Port] 0 [Flags] 2 [Guid] 1978437287 [EditorId] 1978437287 [Version] 1048832 [Id] WindowsEditor(7,BC-PF4FN24Y) [Debug] 1 [PackageName] WindowsEditor [ProjectName] Editor" joined alternative multi-casting on [225.0.0.222:34997]...

[Physics::Module] Initialized MultithreadedJobDispatcher with 7 workers.
Refreshing native plugins compatible for Editor in 3259.91 ms, found 4 plugins.
Preloading 0 native plugins for Editor in 0.00 ms.
Initialize engine version: 2022.3.17f1 (4fc78088f837)
[Subsystems] Discovering subsystems at path C:/Program Files/Unity/Hub/Editor/2022.3.17f1/Editor/Data/Resources/UnitySubsystems
[Subsystems] Discovering subsystems at path C:/MyUnity/Defender/Assets
GfxDevice: creating device client; threaded=0; jobified=0
Direct3D:
    Version:  Direct3D 11.0 [level 11.1]
    Renderer: AMD Radeon (TM) Graphics (ID=0x15e7)
    Vendor:   ATI
    VRAM:     7591 MB
    Driver:   31.0.21024.5005
Initialize mono
Mono path[0] = 'C:/Program Files/Unity/Hub/Editor/2022.3.17f1/Editor/Data/Managed'
Mono path[1] = 'C:/Program Files/Unity/Hub/Editor/2022.3.17f1/Editor/Data/MonoBleedingEdge/lib/mono/unityjit-win32'
Mono config path = 'C:/Program Files/Unity/Hub/Editor/2022.3.17f1/Editor/Data/MonoBleedingEdge/etc'
Using monoOptions --debugger-agent=transport=dt_socket,embedding=1,server=y,suspend=n,address=127.0.0.1:56216
Begin MonoManager ReloadAssembly
Registering precompiled unity dll's ...
Register platform support module: C:/Program Files/Unity/Hub/Editor/2022.3.17f1/Editor/Data/PlaybackEngines/WebGLSupport/UnityEditor.WebGL.Extensions.dll
Register platform support module: C:/Program Files/Unity/Hub/Editor/2022.3.17f1/Editor/Data/PlaybackEngines/AndroidPlayer/UnityEditor.Android.Extensions.dll
Register platform support module: C:/Program Files/Unity/Hub/Editor/2022.3.17f1/Editor/Data/PlaybackEngines/WindowsStandaloneSupport/UnityEditor.WindowsStandalone.Extensions.dll
Registered in 0.619290 seconds.
- Loaded All Assemblies, in 11.558 seconds
Native extension for WindowsStandalone target not found
Native extension for Android target not found
Android SDK Build-tools component is not found. Make sure all tools are installed in the SDK manager.
UnityEngine.StackTraceUtility:ExtractStackTrace ()
UnityEngine.DebugLogHandler:LogFormat (UnityEngine.LogType,UnityEngine.Object,string,object[])
UnityEngine.Logger:Log (UnityEngine.LogType,object)
UnityEngine.Debug:LogError (object)
UnityEditor.Android.AndroidSDKTools:UpdateToolsDirectories ()
UnityEditor.Android.AndroidSDKTools:.ctor (string)
UnityEditor.Android.AndroidSDKTools:CreateAndroidSDKTools (string)
UnityEditor.Android.AndroidSDKTools:GetInstance<UnityEditor.Android.AndroidSDKTools> (UnityEditor.Android.AndroidSDKTools/InstanceCreator)
UnityEditor.Android.AndroidSDKTools:GetInstance ()
UnityEditor.Android.AndroidDeploymentTargetsExtension:GetMainThreadContext (bool)
UnityEditor.Android.TargetExtension:OnUsbDevicesChanged (UnityEditor.Hardware.UsbDevice[])
UnityEditor.Android.TargetExtension:OnLoad ()
UnityEditor.Modules.ModuleManager:InitializePlatformSupportModules ()

Android Extension - Scanning For ADB Devices 474 ms
Native extension for WebGL target not found
Mono: successfully reloaded assembly
- Finished resetting the current domain, in  1.080 seconds
Domain Reload Profiling: 12636ms
	BeginReloadAssembly (8442ms)
		ExecutionOrderSort (0ms)
		DisableScriptedObjects (0ms)
		BackupInstance (0ms)
		ReleaseScriptingObjects (0ms)
		CreateAndSetChildDomain (1ms)
	RebuildCommonClasses (618ms)
	RebuildNativeTypeToScriptingClass (15ms)
	initialDomainReloadingComplete (695ms)
	LoadAllAssembliesAndSetupDomain (1786ms)
		LoadAssemblies (8439ms)
		RebuildTransferFunctionScriptingTraits (0ms)
		AnalyzeDomain (1782ms)
			TypeCache.Refresh (1780ms)
				TypeCache.ScanAssembly (1407ms)
			ScanForSourceGeneratedMonoScriptInfo (1ms)
			ResolveRequiredComponents (1ms)
	FinalizeReload (1081ms)
		ReleaseScriptCaches (0ms)
		RebuildScriptCaches (0ms)
		SetupLoadedEditorAssemblies (1000ms)
			LogAssemblyErrors (0ms)
			InitializePlatformSupportModulesInManaged (788ms)
			SetLoadedEditorAssemblies (6ms)
			RefreshPlugins (0ms)
			BeforeProcessingInitializeOnLoad (3ms)
			ProcessInitializeOnLoadAttributes (138ms)
			ProcessInitializeOnLoadMethodAttributes (65ms)
			AfterProcessingInitializeOnLoad (0ms)
			EditorAssembliesLoaded (0ms)
		ExecutionOrderSort2 (0ms)
		AwakeInstancesAfterBackupRestoration (0ms)
========================================================================
Worker process is ready to serve import requests
Begin MonoManager ReloadAssembly
- Loaded All Assemblies, in 11.592 seconds
Refreshing native plugins compatible for Editor in 8.17 ms, found 4 plugins.
Native extension for WindowsStandalone target not found
Native extension for Android target not found
Native extension for WebGL target not found
Package Manager log level set to [2]
[Package Manager] Server::EnsureServerProcessIsRunning -- launch failed, reason: Unity was launched with the -noUpm command-line argument
[Package Manager] UpmClient::Send -- Unable to send message (not connected to UPM process).
[Package Manager] Cannot connect to Unity Package Manager local server
Mono: successfully reloaded assembly
- Finished resetting the current domain, in  1.403 seconds
Domain Reload Profiling: 12991ms
	BeginReloadAssembly (190ms)
		ExecutionOrderSort (0ms)
		DisableScriptedObjects (7ms)
		BackupInstance (0ms)
		ReleaseScriptingObjects (0ms)
		CreateAndSetChildDomain (32ms)
	RebuildCommonClasses (40ms)
	RebuildNativeTypeToScriptingClass (11ms)
	initialDomainReloadingComplete (55ms)
	LoadAllAssembliesAndSetupDomain (11290ms)
		LoadAssemblies (10478ms)
		RebuildTransferFunctionScriptingTraits (0ms)
		AnalyzeDomain (921ms)
			TypeCache.Refresh (869ms)
				TypeCache.ScanAssembly (770ms)
			ScanForSourceGeneratedMonoScriptInfo (39ms)
			ResolveRequiredComponents (11ms)
	FinalizeReload (1404ms)
		ReleaseScriptCaches (0ms)
		RebuildScriptCaches (0ms)
		SetupLoadedEditorAssemblies (1144ms)
			LogAssemblyErrors (0ms)
			InitializePlatformSupportModulesInManaged (44ms)
			SetLoadedEditorAssemblies (5ms)
			RefreshPlugins (0ms)
			BeforeProcessingInitializeOnLoad (110ms)
			ProcessInitializeOnLoadAttributes (876ms)
			ProcessInitializeOnLoadMethodAttributes (101ms)
			AfterProcessingInitializeOnLoad (8ms)
			EditorAssembliesLoaded (0ms)
		ExecutionOrderSort2 (0ms)
		AwakeInstancesAfterBackupRestoration (8ms)
Launched and connected shader compiler UnityShaderCompiler.exe after 0.07 seconds
Refreshing native plugins compatible for Editor in 9.17 ms, found 4 plugins.
Preloading 0 native plugins for Editor in 0.00 ms.
Unloading 6064 Unused Serialized files (Serialized files now loaded: 0)
Unloading 107 unused Assets / (0.9 MB). Loaded Objects now: 6513.
Memory consumption went from 237.3 MB to 236.4 MB.
Total: 8.175800 ms (FindLiveObjects: 0.834100 ms CreateObjectMapping: 0.274200 ms MarkObjects: 6.363600 ms  DeleteObjects: 0.702100 ms)

AssetImportParameters requested are different than current active one (requested -> active):
  custom:container-demuxer-ogg: 62fdf1f143b41e24485cea50d1cbac27 -> 
  custom:video-codec-MediaFoundation-h265: 746d11721c4dcdbdad8f713fa42b33f4 -> 
  custom:video-decoder-ogg-theora: a1e56fd34408186e4bbccfd4996cb3dc -> 
  custom:framework-win-MediaFoundation: 216162199b28c13a410421893ffa2e32 -> 
  custom:CustomObjectIndexerAttribute: 62b5816608c3102f162a1797e29626cf -> 
  custom:container-demuxer-webm: 4f35f7cbe854078d1ac9338744f61a02 -> 
  custom:container-muxer-webm: aa71ff27fc2769a1b78a27578f13a17b -> 
  custom:video-decoder-webm-vp8: 9c59270c3fd7afecdb556c50c9e8de78 -> 
  custom:SearchIndexIgnoredProperties: e643bd26f0fe6173181afceb89e7c659 -> 
  custom:AudioImporter_EditorPlatform: d09bf68614088b80899f8185d706f6e7 -> 
  custom:video-encoder-webm-vp8: eb34c28f22e8b96e1ab97ce403110664 -> 
  custom:audio-decoder-ogg-vorbis: bf7c407c2cedff20999df2af8eb42d56 -> 
  custom:audio-encoder-webm-vorbis: bf7c407c2cedff20999df2af8eb42d56 -> 
========================================================================
Received Import Request.
  Time since last request: 113734.548993 seconds.
  path: Assets/Art/PNG/Small Spaceships/6/6_Red.png
  artifactKey: Guid(f547aa5b2bfc6364a90555e2f5993c17) Importer(815301076,1909f56bfc062723c751e8b465ee728b)
Start importing Assets/Art/PNG/Small Spaceships/6/6_Red.png using Guid(f547aa5b2bfc6364a90555e2f5993c17) Importer(815301076,1909f56bfc062723c751e8b465ee728b)  -> (artifact id: '1a2684c31f5cc060c71888d449e49f0d') in 0.120927 seconds
Number of updated asset objects reloaded before import = 0
Number of asset objects unloaded after import = 3
========================================================================
Received Import Request.
  Time since last request: 0.000042 seconds.
  path: Assets/Art/PNG/Logos/1/1_Green.png
  artifactKey: Guid(ae773ce7bf50a854aa1c16e966255651) Importer(815301076,1909f56bfc062723c751e8b465ee728b)
Start importing Assets/Art/PNG/Logos/1/1_Green.png using Guid(ae773ce7bf50a854aa1c16e966255651) Importer(815301076,1909f56bfc062723c751e8b465ee728b)  -> (artifact id: '75143638846c037fffbdd90cd42c1a45') in 0.024806 seconds
Number of updated asset objects reloaded before import = 0
Number of asset objects unloaded after import = 3
========================================================================
Received Import Request.
  Time since last request: 0.000022 seconds.
  path: Assets/Art/PNG/Small Spaceships/3/3_Green.png
  artifactKey: Guid(795e792861b7dfa45bf7e603cd7b0003) Importer(815301076,1909f56bfc062723c751e8b465ee728b)
Start importing Assets/Art/PNG/Small Spaceships/3/3_Green.png using Guid(795e792861b7dfa45bf7e603cd7b0003) Importer(815301076,1909f56bfc062723c751e8b465ee728b)  -> (artifact id: 'eabdca1fcf1b980a671a4e51165bea5d') in 0.023661 seconds
Number of updated asset objects reloaded before import = 0
Number of asset objects unloaded after import = 3
========================================================================
Received Import Request.
  Time since last request: 0.000022 seconds.
  path: Assets/Art/PNG/Large Spaceships/1/1_Red.png
  artifactKey: Guid(00d5e85bf642ef24985b6c08ebe70431) Importer(815301076,1909f56bfc062723c751e8b465ee728b)
Start importing Assets/Art/PNG/Large Spaceships/1/1_Red.png using Guid(00d5e85bf642ef24985b6c08ebe70431) Importer(815301076,1909f56bfc062723c751e8b465ee728b)  -> (artifact id: '36b167130a9e3c350ca16c04d9f61cd8') in 0.025129 seconds
Number of updated asset objects reloaded before import = 0
Number of asset objects unloaded after import = 3
========================================================================
Received Import Request.
  Time since last request: 0.000051 seconds.
  path: Assets/Art/PNG/Small Spaceships/8/8_Yellow.png
  artifactKey: Guid(92ef0c1ae810de24db0eecf981356bac) Importer(815301076,1909f56bfc062723c751e8b465ee728b)
Start importing Assets/Art/PNG/Small Spaceships/8/8_Yellow.png using Guid(92ef0c1ae810de24db0eecf981356bac) Importer(815301076,1909f56bfc062723c751e8b465ee728b)  -> (artifact id: 'c19ad691d53a689fb3237617e0922b15') in 0.024667 seconds
Number of updated asset objects reloaded before import = 0
Number of asset objects unloaded after import = 3
========================================================================
Received Import Request.
  Time since last request: 0.000022 seconds.
  path: Assets/Art/PNG/Small Spaceships/1
  artifactKey: Guid(0fa80a9775afea444984856377f26429) Importer(815301076,1909f56bfc062723c751e8b465ee728b)
Start importing Assets/Art/PNG/Small Spaceships/1 using Guid(0fa80a9775afea444984856377f26429) Importer(815301076,1909f56bfc062723c751e8b465ee728b)  -> (artifact id: '04306350fb52705dac4cb445193426b9') in 0.000629 seconds
Number of updated asset objects reloaded before import = 0
Number of asset objects unloaded after import = 0
========================================================================
Received Import Request.
  Time since last request: 0.000092 seconds.
  path: Assets/Art/PNG/Large Spaceships/1/1_Yellow.png
  artifactKey: Guid(fa5d1e7370d524f49a2c5ee6c54eb34a) Importer(815301076,1909f56bfc062723c751e8b465ee728b)
Start importing Assets/Art/PNG/Large Spaceships/1/1_Yellow.png using Guid(fa5d1e7370d524f49a2c5ee6c54eb34a) Importer(815301076,1909f56bfc062723c751e8b465ee728b)  -> (artifact id: '8f724a899cec3558b5c993f28f693569') in 0.024570 seconds
Number of updated asset objects reloaded before import = 0
Number of asset objects unloaded after import = 3
========================================================================
Received Import Request.
  Time since last request: 0.000022 seconds.
  path: Assets/Art/PNG/Small Spaceships/8/8_Red.png
  artifactKey: Guid(aa1c4b234208ab54c822fbb29f2fa1ca) Importer(815301076,1909f56bfc062723c751e8b465ee728b)
Start importing Assets/Art/PNG/Small Spaceships/8/8_Red.png using Guid(aa1c4b234208ab54c822fbb29f2fa1ca) Importer(815301076,1909f56bfc062723c751e8b465ee728b)  -> (artifact id: '66a06033b2ad696583dae4a942fe4d2c') in 0.022269 seconds
Number of updated asset objects reloaded before import = 0
Number of asset objects unloaded after import = 3
========================================================================
Received Import Request.
  Time since last request: 0.000021 seconds.
  path: Assets/Art/PNG/Large Spaceships/1/1_Green.png
  artifactKey: Guid(3ceb9d8636bd60048981ea649af7ca61) Importer(815301076,1909f56bfc062723c751e8b465ee728b)
Start importing Assets/Art/PNG/Large Spaceships/1/1_Green.png using Guid(3ceb9d8636bd60048981ea649af7ca61) Importer(815301076,1909f56bfc062723c751e8b465ee728b)  -> (artifact id: 'a7a847562bbce0187e1c8cef0186f2f9') in 0.022633 seconds
Number of updated asset objects reloaded before import = 0
Number of asset objects unloaded after import = 3
========================================================================
Received Import Request.
  Time since last request: 0.000024 seconds.
  path: Assets/Art/PNG/Small Spaceships/9/9_Yellow.png
  artifactKey: Guid(1e8866eca05158342a686387318a7486) Importer(815301076,1909f56bfc062723c751e8b465ee728b)
Start importing Assets/Art/PNG/Small Spaceships/9/9_Yellow.png using Guid(1e8866eca05158342a686387318a7486) Importer(815301076,1909f56bfc062723c751e8b465ee728b)  -> (artifact id: '275eb6ada04ead295ed7d8af64c5a942') in 0.023971 seconds
Number of updated asset objects reloaded before import = 0
Number of asset objects unloaded after import = 3
========================================================================
Received Import Request.
  Time since last request: 281.724233 seconds.
  path: ProjectSettings/TagManager.asset
  artifactKey: Guid(00000000000000003000000000000000) Importer(815301076,1909f56bfc062723c751e8b465ee728b)
Start importing ProjectSettings/TagManager.asset using Guid(00000000000000003000000000000000) Importer(815301076,1909f56bfc062723c751e8b465ee728b)  -> (artifact id: 'f2c5e9a45d395a1fd41cbcc31ddaf045') in 0.002601 seconds
Number of updated asset objects reloaded before import = 0
Number of asset objects unloaded after import = 0
========================================================================
Received Prepare
Begin MonoManager ReloadAssembly
- Loaded All Assemblies, in  4.416 seconds
Refreshing native plugins compatible for Editor in 8.23 ms, found 4 plugins.
Native extension for WindowsStandalone target not found
Native extension for Android target not found
Native extension for WebGL target not found
[Package Manager] Server::EnsureServerProcessIsRunning -- launch failed, reason: Unity was launched with the -noUpm command-line argument
[Package Manager] UpmClient::Send -- Unable to send message (not connected to UPM process).
[Package Manager] Cannot connect to Unity Package Manager local server
Mono: successfully reloaded assembly
- Finished resetting the current domain, in 26.816 seconds
Domain Reload Profiling: 31224ms
	BeginReloadAssembly (366ms)
		ExecutionOrderSort (0ms)
		DisableScriptedObjects (21ms)
		BackupInstance (0ms)
		ReleaseScriptingObjects (0ms)
		CreateAndSetChildDomain (81ms)
	RebuildCommonClasses (237ms)
	RebuildNativeTypeToScriptingClass (17ms)
	initialDomainReloadingComplete (52ms)
	LoadAllAssembliesAndSetupDomain (3736ms)
		LoadAssemblies (3942ms)
		RebuildTransferFunctionScriptingTraits (0ms)
		AnalyzeDomain (21ms)
			TypeCache.Refresh (7ms)
				TypeCache.ScanAssembly (0ms)
			ScanForSourceGeneratedMonoScriptInfo (0ms)
			ResolveRequiredComponents (12ms)
	FinalizeReload (26816ms)
		ReleaseScriptCaches (0ms)
		RebuildScriptCaches (0ms)
		SetupLoadedEditorAssemblies (1194ms)
			LogAssemblyErrors (0ms)
			InitializePlatformSupportModulesInManaged (41ms)
			SetLoadedEditorAssemblies (9ms)
			RefreshPlugins (0ms)
			BeforeProcessingInitializeOnLoad (128ms)
			ProcessInitializeOnLoadAttributes (897ms)
			ProcessInitializeOnLoadMethodAttributes (107ms)
			AfterProcessingInitializeOnLoad (12ms)
			EditorAssembliesLoaded (0ms)
		ExecutionOrderSort2 (0ms)
		AwakeInstancesAfterBackupRestoration (23ms)
Refreshing native plugins compatible for Editor in 12.15 ms, found 4 plugins.
Preloading 0 native plugins for Editor in 0.00 ms.
Unloading 5912 Unused Serialized files (Serialized files now loaded: 0)
Unloading 64 unused Assets / (0.9 MB). Loaded Objects now: 6524.
Memory consumption went from 212.5 MB to 211.6 MB.
Total: 8.799700 ms (FindLiveObjects: 0.881900 ms CreateObjectMapping: 0.671400 ms MarkObjects: 6.511000 ms  DeleteObjects: 0.733600 ms)

Prepare: number of updated asset objects reloaded= 0
AssetImportParameters requested are different than current active one (requested -> active):
  custom:container-demuxer-ogg: 62fdf1f143b41e24485cea50d1cbac27 -> 
  custom:video-codec-MediaFoundation-h265: 746d11721c4dcdbdad8f713fa42b33f4 -> 
  custom:video-decoder-ogg-theora: a1e56fd34408186e4bbccfd4996cb3dc -> 
  custom:framework-win-MediaFoundation: 216162199b28c13a410421893ffa2e32 -> 
  custom:CustomObjectIndexerAttribute: 62b5816608c3102f162a1797e29626cf -> 
  custom:container-demuxer-webm: 4f35f7cbe854078d1ac9338744f61a02 -> 
  custom:container-muxer-webm: aa71ff27fc2769a1b78a27578f13a17b -> 
  custom:video-decoder-webm-vp8: 9c59270c3fd7afecdb556c50c9e8de78 -> 
  custom:SearchIndexIgnoredProperties: e643bd26f0fe6173181afceb89e7c659 -> 
  custom:AudioImporter_EditorPlatform: d09bf68614088b80899f8185d706f6e7 -> 
  custom:video-encoder-webm-vp8: eb34c28f22e8b96e1ab97ce403110664 -> 
  custom:audio-decoder-ogg-vorbis: bf7c407c2cedff20999df2af8eb42d56 -> 
  custom:audio-encoder-webm-vorbis: bf7c407c2cedff20999df2af8eb42d56 -> 
========================================================================
Received Import Request.
  Time since last request: 464.086288 seconds.
  path: Assets/Art/00.png
  artifactKey: Guid(325021d187f63654fba819a8cd5fb906) Importer(815301076,1909f56bfc062723c751e8b465ee728b)
Start importing Assets/Art/00.png using Guid(325021d187f63654fba819a8cd5fb906) Importer(815301076,1909f56bfc062723c751e8b465ee728b)  -> (artifact id: '45f415983389cfa363036ec7ea8e7bb4') in 0.165519 seconds
Number of updated asset objects reloaded before import = 0
Number of asset objects unloaded after import = 3
========================================================================
Received Import Request.
  Time since last request: 1.200850 seconds.
  path: Assets/Art/01.png
  artifactKey: Guid(1c8c6bf893a87e947ae67a8186689217) Importer(815301076,1909f56bfc062723c751e8b465ee728b)
Start importing Assets/Art/01.png using Guid(1c8c6bf893a87e947ae67a8186689217) Importer(815301076,1909f56bfc062723c751e8b465ee728b)  -> (artifact id: 'd7ad2d0481dd2e2c70c62fe4625575ca') in 0.048437 seconds
Number of updated asset objects reloaded before import = 0
Number of asset objects unloaded after import = 3
========================================================================
Received Import Request.
  Time since last request: 1.395541 seconds.
  path: Assets/Art/02.png
  artifactKey: Guid(81fb24cb06de049439d490b8066a7907) Importer(815301076,1909f56bfc062723c751e8b465ee728b)
Start importing Assets/Art/02.png using Guid(81fb24cb06de049439d490b8066a7907) Importer(815301076,1909f56bfc062723c751e8b465ee728b)  -> (artifact id: '9c23b00e12e75a3bb43a52a758964b56') in 0.049188 seconds
Number of updated asset objects reloaded before import = 0
Number of asset objects unloaded after import = 3
========================================================================
Received Import Request.
  Time since last request: 0.864185 seconds.
  path: Assets/Art/03.png
  artifactKey: Guid(6775798bc93f2bc47af8b121cb625c5c) Importer(815301076,1909f56bfc062723c751e8b465ee728b)
Start importing Assets/Art/03.png using Guid(6775798bc93f2bc47af8b121cb625c5c) Importer(815301076,1909f56bfc062723c751e8b465ee728b)  -> (artifact id: '927b10393fedf3387b29666ad6a0d2bb') in 0.054879 seconds
Number of updated asset objects reloaded before import = 0
Number of asset objects unloaded after import = 3
========================================================================
Received Import Request.
  Time since last request: 1.009258 seconds.
  path: Assets/Art/04.png
  artifactKey: Guid(9ae6577d653d0a249b65504f95ef7414) Importer(815301076,1909f56bfc062723c751e8b465ee728b)
Start importing Assets/Art/04.png using Guid(9ae6577d653d0a249b65504f95ef7414) Importer(815301076,1909f56bfc062723c751e8b465ee728b)  -> (artifact id: 'f2b086fc5abde2a6984c4d19b59291d7') in 0.044924 seconds
Number of updated asset objects reloaded before import = 0
Number of asset objects unloaded after import = 3
========================================================================
Received Import Request.
  Time since last request: 1.441810 seconds.
  path: Assets/Art/05.png
  artifactKey: Guid(bc62c5e8b1d2a3a44a1c7e8df8f1b8ea) Importer(815301076,1909f56bfc062723c751e8b465ee728b)
Start importing Assets/Art/05.png using Guid(bc62c5e8b1d2a3a44a1c7e8df8f1b8ea) Importer(815301076,1909f56bfc062723c751e8b465ee728b)  -> (artifact id: '51b9be84661c6e81619c9109d55fc0d9') in 0.047169 seconds
Number of updated asset objects reloaded before import = 0
Number of asset objects unloaded after import = 3
========================================================================
Received Import Request.
  Time since last request: 0.645403 seconds.
  path: Assets/Art/06.png
  artifactKey: Guid(9535ff4b353c27240b401d8df11b7792) Importer(815301076,1909f56bfc062723c751e8b465ee728b)
Start importing Assets/Art/06.png using Guid(9535ff4b353c27240b401d8df11b7792) Importer(815301076,1909f56bfc062723c751e8b465ee728b)  -> (artifact id: 'd8fe220325132484962df5bb2fcd0308') in 0.049334 seconds
Number of updated asset objects reloaded before import = 0
Number of asset objects unloaded after import = 3
========================================================================
Received Import Request.
  Time since last request: 0.646010 seconds.
  path: Assets/Art/07.png
  artifactKey: Guid(0a701125f93287b4faf4e9c325568bc8) Importer(815301076,1909f56bfc062723c751e8b465ee728b)
Start importing Assets/Art/07.png using Guid(0a701125f93287b4faf4e9c325568bc8) Importer(815301076,1909f56bfc062723c751e8b465ee728b)  -> (artifact id: 'f2bc1e75114e7a73af309042a7b410de') in 0.042665 seconds
Number of updated asset objects reloaded before import = 0
Number of asset objects unloaded after import = 3
========================================================================
Received Import Request.
  Time since last request: 0.930434 seconds.
  path: Assets/Art/All.png
  artifactKey: Guid(66cdbe88c3e66d54eaca0a850d3b5404) Importer(815301076,1909f56bfc062723c751e8b465ee728b)
Start importing Assets/Art/All.png using Guid(66cdbe88c3e66d54eaca0a850d3b5404) Importer(815301076,1909f56bfc062723c751e8b465ee728b)  -> (artifact id: '55320316c338e31d29e6563dd22300c2') in 0.052376 seconds
Number of updated asset objects reloaded before import = 0
Number of asset objects unloaded after import = 3
========================================================================
Received Import Request.
  Time since last request: 2.152780 seconds.
  path: Assets/Art/BG.jpg
  artifactKey: Guid(e1af31c41f32c58499f88e2ea76af415) Importer(815301076,1909f56bfc062723c751e8b465ee728b)
Start importing Assets/Art/BG.jpg using Guid(e1af31c41f32c58499f88e2ea76af415) Importer(815301076,1909f56bfc062723c751e8b465ee728b)  -> (artifact id: '42dc01bdf4c016d4e68103e4e9e91d84') in 0.048128 seconds
Number of updated asset objects reloaded before import = 0
Number of asset objects unloaded after import = 3
========================================================================
Received Import Request.
  Time since last request: 19.946739 seconds.
  path: Assets/Art/PNG/Small Spaceships
  artifactKey: Guid(7a4954aed526dfb4ca3dbe23ef5718f3) Importer(815301076,1909f56bfc062723c751e8b465ee728b)
Start importing Assets/Art/PNG/Small Spaceships using Guid(7a4954aed526dfb4ca3dbe23ef5718f3) Importer(815301076,1909f56bfc062723c751e8b465ee728b)  -> (artifact id: 'd9b2bcd68a9e9e250661e1c4714e44de') in 0.001516 seconds
Number of updated asset objects reloaded before import = 0
Number of asset objects unloaded after import = 0
========================================================================
Received Import Request.
  Time since last request: 1.573254 seconds.
  path: Assets/Art/PNG/Projectiles/1.png
  artifactKey: Guid(92315f41bb0c03e4c8f02a3e5cd01c3c) Importer(815301076,1909f56bfc062723c751e8b465ee728b)
Start importing Assets/Art/PNG/Projectiles/1.png using Guid(92315f41bb0c03e4c8f02a3e5cd01c3c) Importer(815301076,1909f56bfc062723c751e8b465ee728b)  -> (artifact id: '72cf498920f6ac4231f35c64582b059b') in 0.047305 seconds
Number of updated asset objects reloaded before import = 0
Number of asset objects unloaded after import = 3
========================================================================
Received Import Request.
  Time since last request: 0.757280 seconds.
  path: Assets/Art/PNG/Projectiles/2.png
  artifactKey: Guid(a8fbf5bcefb69ba48904b1a9224957ec) Importer(815301076,1909f56bfc062723c751e8b465ee728b)
Start importing Assets/Art/PNG/Projectiles/2.png using Guid(a8fbf5bcefb69ba48904b1a9224957ec) Importer(815301076,1909f56bfc062723c751e8b465ee728b)  -> (artifact id: '88a1d8774a4571d3a349707069eded8c') in 0.051658 seconds
Number of updated asset objects reloaded before import = 0
Number of asset objects unloaded after import = 3
========================================================================
Received Import Request.
  Time since last request: 0.521665 seconds.
  path: Assets/Art/PNG/Projectiles/3.png
  artifactKey: Guid(afdc77e10e0056a469cbf53b52fb4921) Importer(815301076,1909f56bfc062723c751e8b465ee728b)
Start importing Assets/Art/PNG/Projectiles/3.png using Guid(afdc77e10e0056a469cbf53b52fb4921) Importer(815301076,1909f56bfc062723c751e8b465ee728b)  -> (artifact id: 'ee1dc806322dcfbcf4d5035a95f15b4c') in 0.048322 seconds
Number of updated asset objects reloaded before import = 0
Number of asset objects unloaded after import = 3
========================================================================
Received Import Request.
  Time since last request: 1.029549 seconds.
  path: Assets/Art/PNG/Projectiles/4.png
  artifactKey: Guid(80a51bcd0f0694a4f903e1d405ad4abf) Importer(815301076,1909f56bfc062723c751e8b465ee728b)
Start importing Assets/Art/PNG/Projectiles/4.png using Guid(80a51bcd0f0694a4f903e1d405ad4abf) Importer(815301076,1909f56bfc062723c751e8b465ee728b)  -> (artifact id: 'b37ef49e81fdf0515275e273f5d24322') in 0.045391 seconds
Number of updated asset objects reloaded before import = 0
Number of asset objects unloaded after import = 3
========================================================================
Received Import Request.
  Time since last request: 0.583626 seconds.
  path: Assets/Art/PNG/Projectiles/5.png
  artifactKey: Guid(7cd8344d98af06b40a2265cc8c7df898) Importer(815301076,1909f56bfc062723c751e8b465ee728b)
Start importing Assets/Art/PNG/Projectiles/5.png using Guid(7cd8344d98af06b40a2265cc8c7df898) Importer(815301076,1909f56bfc062723c751e8b465ee728b)  -> (artifact id: 'ea39cdd18da8d7c40ad0400563d69112') in 0.042880 seconds
Number of updated asset objects reloaded before import = 0
Number of asset objects unloaded after import = 3
========================================================================
Received Import Request.
  Time since last request: 0.987977 seconds.
  path: Assets/Art/PNG/Projectiles/6.png
  artifactKey: Guid(744bc9b024c1156428e1379bad9c9d8e) Importer(815301076,1909f56bfc062723c751e8b465ee728b)
Start importing Assets/Art/PNG/Projectiles/6.png using Guid(744bc9b024c1156428e1379bad9c9d8e) Importer(815301076,1909f56bfc062723c751e8b465ee728b)  -> (artifact id: 'f70a731c7638189d9ef123015a29a056') in 0.043551 seconds
Number of updated asset objects reloaded before import = 0
Number of asset objects unloaded after import = 3
========================================================================
Received Import Request.
  Time since last request: 71.837099 seconds.
  path: Assets/Art/PNG/Thruster Animations/1/2.png
  artifactKey: Guid(500732d97df0d11409ec329be8c3a1f2) Importer(815301076,1909f56bfc062723c751e8b465ee728b)
Start importing Assets/Art/PNG/Thruster Animations/1/2.png using Guid(500732d97df0d11409ec329be8c3a1f2) Importer(815301076,1909f56bfc062723c751e8b465ee728b)  -> (artifact id: '3b5a763707cb52fdae62612d77045600') in 0.052408 seconds
Number of updated asset objects reloaded before import = 0
Number of asset objects unloaded after import = 3
========================================================================
Received Import Request.
  Time since last request: 3.214827 seconds.
  path: Assets/Art/PNG/Thruster Animations/2/1.png
  artifactKey: Guid(e1764c258bace084aba965af63bbd971) Importer(815301076,1909f56bfc062723c751e8b465ee728b)
Start importing Assets/Art/PNG/Thruster Animations/2/1.png using Guid(e1764c258bace084aba965af63bbd971) Importer(815301076,1909f56bfc062723c751e8b465ee728b)  -> (artifact id: 'f5aac22f080dc430978d58ff2499f80a') in 0.043811 seconds
Number of updated asset objects reloaded before import = 0
Number of asset objects unloaded after import = 3
========================================================================
Received Import Request.
  Time since last request: 82.002931 seconds.
  path: Assets
  artifactKey: Guid(00000000000000001000000000000000) Importer(815301076,1909f56bfc062723c751e8b465ee728b)
Start importing Assets using Guid(00000000000000001000000000000000) Importer(815301076,1909f56bfc062723c751e8b465ee728b)  -> (artifact id: '8a4fe85251aa2e89732c359432baa2c3') in 0.002461 seconds
Number of updated asset objects reloaded before import = 0
Number of asset objects unloaded after import = 0
========================================================================
Received Import Request.
  Time since last request: 6.386850 seconds.
  path: Assets/Prefabs
  artifactKey: Guid(e5c593d16e9767c43a4bc238e470c7c0) Importer(815301076,1909f56bfc062723c751e8b465ee728b)
Start importing Assets/Prefabs using Guid(e5c593d16e9767c43a4bc238e470c7c0) Importer(815301076,1909f56bfc062723c751e8b465ee728b)  -> (artifact id: '768f4e5611de0f942cd1a1b2a65805f4') in 0.000992 seconds
Number of updated asset objects reloaded before import = 0
Number of asset objects unloaded after import = 0
========================================================================
Received Import Request.
  Time since last request: 4.605274 seconds.
  path: Assets/Prefabs/Asteroids.prefab
  artifactKey: Guid(a93e4b83651556345a972aa8c5e443ca) Importer(815301076,1909f56bfc062723c751e8b465ee728b)
Start importing Assets/Prefabs/Asteroids.prefab using Guid(a93e4b83651556345a972aa8c5e443ca) Importer(815301076,1909f56bfc062723c751e8b465ee728b)  -> (artifact id: '3b4957d1a5e6cdd7388b9efdcc4e7989') in 0.442169 seconds
Number of updated asset objects reloaded before import = 0
Number of asset objects unloaded after import = 26
========================================================================
Received Import Request.
  Time since last request: 42.984515 seconds.
  path: Assets/Prefabs/Asteroids.prefab
  artifactKey: Guid(a93e4b83651556345a972aa8c5e443ca) Importer(815301076,1909f56bfc062723c751e8b465ee728b)
Start importing Assets/Prefabs/Asteroids.prefab using Guid(a93e4b83651556345a972aa8c5e443ca) Importer(815301076,1909f56bfc062723c751e8b465ee728b)  -> (artifact id: 'a0d2a2ddc9b8e8caffc9f84ddedee8a8') in 0.035239 seconds
Number of updated asset objects reloaded before import = 0
Number of asset objects unloaded after import = 9
